gpg-pubkey-352c64e5-52ae6884 1387161732 0 (none) installed
python-srpm-macros-3-22.el7.noarch 1532612480 3789 68f9fe45132ddfcd9a9db908a677d564 installed
python2-rpm-macros-3-22.el7.noarch 1532612480 1495 346ab939dffc2ef36c87f35fe74a5f85 installed
ncurses-base-5.9-14.20130511.el7_4.noarch 1504735709 223432 c955fdfe1f8f20b1053a34918e44bd58 installed
glibc-common-2.17-222.el7.x86_64 1523348727 120325207 862cbbb5262d965c2a57fb8cc3b02b99 installed
bash-4.2.46-30.el7.x86_64 1523408122 3667709 4c9037d4d3139a2c8fd28ed6b27d47da installed
setup-2.8.71-9.el7.noarch 1523420307 696925 3e3fc345cd2ac49c17b8e38df270fd16 installed
basesystem-10.0-7.el7.centos.noarch 1403865430 0 778eb3d19a934f42d1354ed795d06b4f installed
zlib-1.2.7-17.el7.x86_64 1478369355 185710 505b6038db14d2b7d58c5721126cb11c installed
nss-util-3.36.0-1.el7_5.x86_64 1526428153 194944 ecf6d738049e13862a8cf2a151b78bb5 installed
ncurses-libs-5.9-14.20130511.el7_4.x86_64 1504735709 1028216 bba677eda5184b5127b7817d2c1dec12 installed
gmp-1:6.0.0-15.el7.x86_64 1501722795 657046 4cd60ebf94766a46c590e17036ece777 installed
libattr-2.4.46-13.el7.x86_64 1523407244 19896 209b05c7b77a33a4cc176077945833e8 installed
libcap-2.22-9.el7.x86_64 1501701479 111445 b4cc4b26a62dbbd66143755c54a59938 installed
libffi-3.0.13-18.el7.x86_64 1478363428 47766 f05f7a3749342b925fa10ca7de2f0116 installed
gawk-4.0.2-4.el7_3.1.x86_64 1498686770 2435978 5efa8feaeb12d57cda1a9bcd9c8af917 installed
libselinux-2.5-12.el7.x86_64 1524743753 217874 7584c834f1404914f4568973c001f28e installed
grep-2.20-3.el7.x86_64 1501743524 1195131 92bc957d1c4fc3764e134d8f82544abe installed
libverto-0.2.5-4.el7.x86_64 1402386261 23060 341bae036f22ce087486f4d9e180caee installed
p11-kit-trust-0.23.5-3.el7.x86_64 1501889820 437261 2dc2f7ab212401098e8821ce23f21741 installed
keyutils-libs-1.5.8-3.el7.x86_64 1402366675 42138 e31fa37a714787d3d72e0a9316c3a85b installed
coreutils-8.22-21.el7.x86_64 1523421505 14588989 fb8117e7aeb1ab935460fa412277a088 installed
krb5-libs-1.15.1-19.el7.x86_64 1525873841 1984782 9811e62803caaf9375851ed6f16fedd7 installed
xz-libs-5.2.2-1.el7.x86_64 1478359687 239967 7701c542dc8fcd5a38ee52e8786d7cf4 installed
libdb-5.3.21-24.el7.x86_64 1523424717 1858008 24fdfda30ad8e1cc7ebc744eaf85eacf installed
libgpg-error-1.12-3.el7.x86_64 1402390008 350865 a3933d4ce43c07fa9305e8765d78d099 installed
lua-5.1.4-15.el7.x86_64 1478400455 640319 d5973eb7ca2bb665f5fbb7141f2e27a3 installed
mpfr-3.1.1-4.el7.x86_64 1402362714 554279 4cedb227fd4730529b0874792007692b installed
libblkid-2.23.2-52.el7_5.1.x86_64 1534445231 261837 427f260c9fc06f72d722e5ccdfcf30c5 installed
libmpc-1.0.1-3.el7.x86_64 1402343098 113833 835abbe42dbf1e0f94d227d54c01f483 installed
xz-5.2.2-1.el7.x86_64 1478359687 798130 3e6f05008f7af7931aa8257964527f1a installed
findutils-1:4.5.11-5.el7.x86_64 1448017218 1855626 2d571b503447f5ce47a4767f6a7e1986 installed
diffutils-3.3-4.el7.x86_64 1402384041 1065157 d8c60275b4c6d54e8bf7ee19cf0c4f2b installed
expat-2.1.0-10.el7_3.x86_64 1480372020 208315 9c5fdceee3715ad8a1b3a9dd711d5b79 installed
audit-libs-2.8.1-3.el7_5.1.x86_64 1534430355 256370 437ad738bda99bc9fdc9185f45554467 installed
libpwquality-1.2.3-5.el7.x86_64 1523419099 332421 e40a69f0a1803dfa3736aba2c8ea1fb4 installed
sqlite-3.7.17-8.el7.x86_64 1448009159 814231 0ceb9434c5a9d281399583087cfe889b installed
nss-pem-1.0.3-4.el7.x86_64 1501798557 201219 95cf0973322bf389a612fdbd1e3a6627 installed
nss-sysinit-3.36.0-5.el7_5.x86_64 1526484083 14057 676b4b8c2b1e7fb4701ac15d0bbcecb8 installed
lz4-1.7.5-2.el7.x86_64 1523408041 366872 89e45994eabac0ba4ccae7c1005ea06c installed
python-libs-2.7.5-69.el7_5.x86_64 1531488797 24713084 879bca5c512f1199f3694bced2464d5c installed
nss-tools-3.36.0-5.el7_5.x86_64 1526484083 2069579 fa1f9ff7cf1cb6ca353822bcfaaa9b6b installed
cpp-4.8.5-28.el7_5.1.x86_64 1526421274 15632565 293833f77ac567311b62baad37306cfd installed
libdb-utils-5.3.21-24.el7.x86_64 1523424717 326487 d06077335f27858ecb06ad48fa2e812d installed
dwz-0.11-3.el7.x86_64 1402363547 225103 28a047bc76d0ad80e6938a94898129ca installed
glib2-2.54.2-2.el7.x86_64 1523418884 11986873 75e476b2fbb8f06f881338c12e379cc3 installed
pkgconfig-1:0.27.1-4.el7.x86_64 1402351548 105522 ef58117c9c617599952c0642ff5e8d00 installed
bzip2-1.0.6-13.el7.x86_64 1447995892 83791 704f597825711270b0ba2af51bebecae installed
zip-3.0-11.el7.x86_64 1478364595 815173 f49ae6270a053005b67e417123691ca7 installed
groff-base-1.22.2-8.el7.x86_64 1402345046 3453946 591d2a12420abc9fa9934414fc0987f4 installed
perl-HTTP-Tiny-0.033-3.el7.noarch 1402347217 97210 6133c7c1aee2bfeee269de4592b25884 installed
perl-Pod-Perldoc-3.20-4.el7.noarch 1402388270 166910 29a8a33b24ddf4e0e95ad8d2484cc277 installed
perl-Text-ParseWords-3.29-4.el7.noarch 1402348486 16431 58a96328cb0e6dd435d15af542467a38 installed
perl-Pod-Usage-1.63-3.el7.noarch 1402390579 44671 1db34851ba13011739022f031438e15c installed
perl-macros-4:5.16.3-292.el7.x86_64 1501696144 5134 d5afb957a1d5e304d6c7f8a26954710e installed
perl-Time-HiRes-4:1.9725-3.el7.x86_64 1402343844 94069 43f7c93d02750221738a8c3bc845a1ca installed
perl-Storable-2.45-3.el7.x86_64 1402367398 181031 25787b4b609f3ee50d1c7f33d29e0102 installed
perl-Filter-1.49-3.el7.x86_64 1402353954 148475 66b1205b2eef2a89137e530741ed3710 installed
perl-constant-1.27-2.el7.noarch 1402368682 26364 f3ecfa1ce48e13496322e341a3f0b72c installed
perl-threads-shared-1.43-6.el7.x86_64 1402380447 73972 cd3e1ec9dfe8b5e9121fcd53b41aa197 installed
perl-File-Path-2.09-2.el7.noarch 1402361289 50067 94d54ef6ce6893ae2a4400c4b0ce79b7 installed
perl-Scalar-List-Utils-1.27-248.el7.x86_64 1402358220 67994 2fb261c150fc06b1a978809c5a9c706e installed
perl-Getopt-Long-2.40-3.el7.noarch 1523406856 134846 e4fc3f2fed36897ae178ecd5d9475217 installed
perl-Thread-Queue-3.02-2.el7.noarch 1402347633 27642 29d052232cb1b86133bd838739672a15 installed
acl-2.2.51-14.el7.x86_64 1523407284 201225 885771078c3fe1efa43e3e5e0f2b5246 installed
libidn-1.28-4.el7.x86_64 1448125248 630407 3d582106ac1032c59c1cd4236e5d6415 installed
curl-7.29.0-46.el7.x86_64 1523555739 540259 401357a38601356be337ead6bf4470e0 installed
rpm-4.11.3-32.el7.x86_64 1523418872 2621900 de491f66be27f9af821bd34c3873dca4 installed
libuser-0.60-9.el7.x86_64 1523558694 1952592 8fdd92e668b91208dfd916ebdce8a297 installed
libstdc++-devel-4.8.5-28.el7_5.1.x86_64 1526421274 8436762 8e53870548b2a24e3d779f54b37d80c4 installed
gnupg2-2.0.22-5.el7_5.x86_64 1531487214 6637796 a293dfefd6596bfe5c54ba68377e334e installed
ustr-1.0.4-16.el7.x86_64 1402344766 285943 58bb2ebb64b048e24a4c7d5d51170f55 installed
shadow-utils-2:4.1.5.1-24.el7.x86_64 1478377031 3534490 19741e43ee0b142d310393848d75239f installed
hardlink-1:1.0-19.el7.x86_64 1402381564 16545 3a1bcd8e12bbdbced75d74b5919a039a installed
kpartx-0.4.9-119.el7_5.1.x86_64 1534430596 41363 fd61a26347cf0d090798768d7e952759 installed
util-linux-2.23.2-52.el7_5.1.x86_64 1534445231 8642769 8c402cdaecc9f30a146aa82ff30c8aea installed
device-mapper-libs-7:1.02.146-4.el7.x86_64 1523431459 400551 f0b566ce4fe22594b7f5f246870d4214 installed
dracut-033-535.el7_5.1.x86_64 1534430739 898198 22ffeb1421964a58b78b87eeb47014a7 installed
elfutils-libs-0.170-4.el7.x86_64 1523423412 747527 385aa8222aad0bf1e9499e79284f77d7 installed
dbus-libs-1:1.10.24-7.el7.x86_64 1523431411 362584 7c544dc4e3020620da275ddf1c0de95c installed
dbus-1:1.10.24-7.el7.x86_64 1523431411 595223 ee5c672ee2b669192e40bdf2460a5427 installed
elfutils-0.170-4.el7.x86_64 1523423412 781405 8772eb692ea2d5bc861b5fcc36c0ec76 installed
redhat-rpm-config-9.1.0-80.el7.centos.noarch 1523624075 173193 38a7a15937c02950ba7d5a84d65f2a6b installed
glibc-headers-2.17-222.el7.x86_64 1523348727 2337409 1f3e024be424bef101aca04a9b19a2b7 installed
gcc-4.8.5-28.el7_5.1.x86_64 1526421274 39214337 87d5944764c834feea72b7a0cc25d151 installed
rpm-build-4.11.3-32.el7.x86_64 1523418872 327877 ca572bc8d6b55ad8033fe0b048b2ea80 installed
epel-rpm-macros-7-19.noarch 1529079369 20384 b70b29c37169dc743575714b0e29389a installed
make-1:3.82-23.el7.x86_64 1478384149 1160684 9e5ab17428b36e59a9d071c1fd1c81de installed
m4-1.4.16-10.el7.x86_64 1448004487 525707 a71de093f3eba336d4fe4044fb6db349 installed
libkadm5-1.15.1-19.el7.x86_64 1525873841 221072 fd476f4f9bcdce1607e0b668c5622bca installed
pcre-devel-8.32-17.el7.x86_64 1501643292 1505771 30c6f68dd21b31e7d1f569ea8d4c003a installed
libverto-devel-0.2.5-4.el7.x86_64 1402386261 25871 474e3916ae4568f0ec63415ecbd0afb1 installed
zlib-devel-1.2.7-17.el7.x86_64 1478369355 135536 e182e86a7dd98de104da19b5e2f7be65 installed
flex-2.5.37-3.el7.x86_64 1402351471 761428 387b3f8ec71da021a7f37b0f2c5bd080 installed
pam-devel-1.1.8-22.el7.x86_64 1523416935 541090 be8f0edbfc2b430467b11bc9ec9123b8 installed
gpg-pubkey-f4a80eb5-53a7ff4b 1403518795 0 (none) installed
libgcc-4.8.5-28.el7_5.1.x86_64 1526421274 179328 518679e12b8d890c8c90b82d96d45a7a installed
python-rpm-macros-3-22.el7.noarch 1532612480 4223 338c47f1252fca6a11aa0ae7f3eefefc installed
tzdata-2018e-3.el7.noarch 1525871465 1966505 a1e5c65f5b87e33b23419b153155db0a installed
chkconfig-1.7.4-1.el7.x86_64 1501854351 779531 e126177e9ac5841deca96f4e15340613 installed
nss-softokn-freebl-3.36.0-5.el7_5.x86_64 1526428610 565628 cf0360bbf0396334bb569646bbec25d3 installed
ncurses-5.9-14.20130511.el7_4.x86_64 1504735709 439378 8ca93e2831102818759a22e22e871268 installed
filesystem-3.2-25.el7.x86_64 1523422829 0 93e1c91a2dbd4d3ac61fb70a40a7c228 installed
glibc-2.17-222.el7.x86_64 1523348727 14223248 b20747760e86c79af25fa522f4844460 installed
nspr-4.19.0-1.el7_5.x86_64 1526464024 287728 06e8af105f3a5832065a90c5eb12c064 installed
libstdc++-4.8.5-28.el7_5.1.x86_64 1526421274 1077442 59b268ee5d8a252656d7d30a7bed03bc installed
info-5.1-5.el7.x86_64 1523408616 494630 e1f75e40cf956ed3efe7b49c5f6939ec installed
popt-1.13-16.el7.x86_64 1402373003 88516 87f5d6bac8f205fb14e2072e4b47ce23 installed
libacl-2.2.51-14.el7.x86_64 1523407284 37056 c3243d728de0ad95e0c05230e6463bdd installed
libcom_err-1.42.9-12.el7_5.x86_64 1526446302 60489 4b27bfeb726d091b4317b5e66d6dba7f installed
libsepol-2.5-8.1.el7.x86_64 1523418582 686568 b107891426af43d06b02a191f16a490c installed
pcre-8.32-17.el7.x86_64 1501643292 1475532 04a1926cc29eef0f79f8183eb7907024 installed
sed-4.2.2-5.el7.x86_64 1402362115 601208 4d696dbd3061493258490f40c625adba installed
p11-kit-0.23.5-3.el7.x86_64 1501889820 1337825 9a0f49ca3b6d58aeb05780003cae38f1 installed
libtasn1-4.10-1.el7.x86_64 1501633297 424486 5bd1b0b4094fac08713f986572a8625e installed
ca-certificates-2018.2.22-70.0.el7_5.noarch 1526445368 973960 a95373fc5273e7c757a240316d4430b9 installed
centos-release-7-5.1804.4.el7.centos.x86_64 1534170876 40338 e73301588f9dce0441fb403b2fbc09fd installed
openssl-libs-1:1.0.2k-12.el7.x86_64 1523422767 3200172 9213b8a36ef5936ac90e2630803e659c installed
bzip2-libs-1.0.6-13.el7.x86_64 1447995892 70093 0486f0b02e0caa4195761266798e7a26 installed
elfutils-libelf-0.170-4.el7.x86_64 1523423412 936931 6a261ac45f947b29f2bbfe7e538aac20 installed
readline-6.2-10.el7.x86_64 1501663464 460464 b552128087365a58b3566631c678752f installed
libgcrypt-1.5.3-14.el7.x86_64 1501689307 597727 88c64dc7c3aed6a156e4dee5def38300 installed
gzip-1.5-10.el7.x86_64 1523404878 250440 adcb4df7dfe7866e38b5bf42d54d63ae installed
libuuid-2.23.2-52.el7_5.1.x86_64 1534445231 20326 534c564308a92d9c695b64b7a359f36c installed
libmount-2.23.2-52.el7_5.1.x86_64 1534445231 273965 d084f24c36b7968ed5fc4a34940980ab installed
cracklib-2.9.0-11.el7.x86_64 1402378933 209610 a973d883d6785904e49266428bb3ed90 installed
binutils-2.27-28.base.el7_5.1.x86_64 1530106005 25149789 ab389c762bf3df5411b21583f3479dc1 installed
cpio-2.11-27.el7.x86_64 1523404312 689335 32498692f82296d51663586f08cebafc installed
file-libs-5.11-33.el7.x86_64 1478376472 3077690 14a5e5d0610ce2de13f59b3996fa21ba installed
libcap-ng-0.7.5-4.el7.x86_64 1448001510 50510 84efa5ca78408f78e606e7c8d1816759 installed
cracklib-dicts-2.9.0-11.el7.x86_64 1402378933 9389116 da657b0facf181893f9a38437092dbbf installed
pam-1.1.8-22.el7.x86_64 1523416935 2630324 dce355546c72f1425dc04fd64c9bc664 installed
nss-softokn-3.36.0-5.el7_5.x86_64 1526428610 1130670 7b8391d5b6843722982a616a8542d58f installed
nss-3.36.0-5.el7_5.x86_64 1526484083 2425017 02cec1099d77b03378c2cc2dad96fb91 installed
tar-2:1.26-34.el7.x86_64 1523412984 2838271 419ef9b4469e60d4d4d2599c1c8d79ba installed
gdbm-1.10-8.el7.x86_64 1402349948 184322 770bd49f3898dc1cc831fb9ec12d569a installed
gdb-7.6.1-110.el7.x86_64 1523423949 7362708 568de0ffff25d90d04c6bc736899d6a8 installed
file-5.11-33.el7.x86_64 1478376472 67368 ae13ac73670dce99cb41df4e1127e819 installed
libassuan-2.1.0-3.el7.x86_64 1402341240 155391 c4c94aadc9da58f576b4ef238d0136cb installed
cyrus-sasl-lib-2.1.26-23.el7.x86_64 1523420459 396911 6d06f1337b143c25bc7358255d433006 installed
libxml2-2.9.1-6.el7_2.3.x86_64 1466692601 1710062 e439b8934c4e9576eccfbc60d3cd714f installed
shared-mime-info-1.8-4.el7.x86_64 1523407023 2379317 167b39408a8c5705f135e968174e2229 installed
kmod-libs-20-21.el7.x86_64 1523421964 91800 d7dea2fe3482829a84830109bf4bcc97 installed
unzip-6.0-19.el7.x86_64 1523424293 373986 7a396b648ba0120404fe2ef171b79681 installed
libssh2-1.4.3-10.el7_2.1.x86_64 1457611554 341782 8ee7c5f75e2a2c85536f0f2282347545 installed
perl-parent-1:0.225-244.el7.noarch 1402384520 8141 d902f1a3426caa19ccbccf09263c54f6 installed
perl-podlators-2.5.1-3.el7.noarch 1402343776 287679 8e070dd716e3adf3c297291accaa4348 installed
perl-Pod-Escapes-1:1.04-292.el7.noarch 1501696144 21091 577edc2e8d685356441af06dc27220c0 installed
perl-Encode-2.51-7.el7.x86_64 1402368585 10176350 713ce27ff4434807ff7060b333ed8873 installed
perl-libs-4:5.16.3-292.el7.x86_64 1501696144 1647272 7505ce5dc64c65da532e74d1695add5e installed
perl-Socket-2.010-4.el7.x86_64 1478359491 114497 5cda40abac38b41918352e9c75a1e651 installed
perl-threads-1.87-4.el7.x86_64 1402377734 98615 29739d2f766c8bd85e85de9f8ccb7367 installed
perl-Carp-1.26-244.el7.noarch 1402362759 28276 0f9ffc1d8836311235869048667422e9 installed
perl-Exporter-5.68-3.el7.noarch 1402373350 56612 d6e7deb74b149e4b7aa23a998a127bb4 installed
perl-Time-Local-1.2300-2.el7.noarch 1402342290 44062 8dba0f2d49849dc3990cfc9e91d5ec6b installed
perl-File-Temp-0.23.01-3.el7.noarch 1402383789 158781 396b0a1af3a203e1cb33c98814d5a6d8 installed
perl-PathTools-3.40-5.el7.x86_64 1402373476 174131 c597987071b0f81a0029667e83e1ecae installed
perl-Pod-Simple-1:3.28-4.el7.noarch 1402365613 538320 8e5edeb936a154537062b776eb41cb7d installed
perl-4:5.16.3-292.el7.x86_64 1501696144 23544135 f2377d50ffe8e8be54c569136d212177 installed
patch-2.7.1-10.el7_5.x86_64 1525871017 215449 3c1cd445c2a45f19b9bb46c19a4a943c installed
libgomp-4.8.5-28.el7_5.1.x86_64 1526421274 212184 0cb467b0ae438344bf5bf8d97f2a1e4c installed
libcurl-7.29.0-46.el7.x86_64 1523555739 435192 2d99038a0bef38275774024117436284 installed
rpm-libs-4.11.3-32.el7.x86_64 1523418872 611384 04a21eb64e7b2495dfe0ef704165506e installed
openldap-2.4.44-15.el7_5.x86_64 1526464653 1037299 0c7d41097a0100c3e40ac4aff0d3cdd8 installed
pinentry-0.8.1-17.el7.x86_64 1478360967 159929 740fabe008451f11fee22ff086fb13d3 installed
pth-2.0.7-23.el7.x86_64 1448007112 267851 2d6939b73767d0f96b02677bcbeef2e2 installed
rpm-build-libs-4.11.3-32.el7.x86_64 1523418872 166664 5733e3c03981b025cab7ea343257e528 installed
libsemanage-2.5-11.el7.x86_64 1523433690 302369 d2fd300c5abc3561b16a685b1f2cbc5d installed
libutempter-1.1.6-4.el7.x86_64 1402365826 49749 8e28747e6a84b84af7d78c84cd8cd5e8 installed
qrencode-libs-3.4.1-3.el7.x86_64 1402343131 126732 ac1de0c46bc1886e12ea80771951cde2 installed
device-mapper-7:1.02.146-4.el7.x86_64 1523431459 338922 1919f9661f5cf5f63fcb4c5112718db7 installed
procps-ng-3.3.10-17.el7_5.2.x86_64 1527175930 760500 57c9fa477ce98fca4e7dcc5ed6b41a7a installed
cryptsetup-libs-1.7.4-4.el7.x86_64 1523412564 969908 979897acf07d1ab7db8a0380a8c8ecf5 installed
kmod-20-21.el7.x86_64 1523421964 243127 47a0704853382255bfbc519fa9dd1a3d installed
systemd-libs-219-57.el7_5.1.x86_64 1534444524 1263552 49b7867ec75028b7c00761ab8a0dd80f installed
systemd-219-57.el7_5.1.x86_64 1534444524 24401990 f183a8bb050f8291661d6b09129c96dd installed
elfutils-default-yama-scope-0.170-4.el7.noarch 1523423412 1810 186adf73da2641da5799e54b4ccfed5d installed
perl-srpm-macros-1-8.el7.noarch 1402343091 794 6bd0791a143b53addc95cbeb050859c8 installed
kernel-headers-3.10.0-862.11.6.el7.x86_64 1534287112 3758537 01b5318846d5824612a71a35fa186a96 installed
glibc-devel-2.17-222.el7.x86_64 1523348727 1066564 a8b9da9fca84f8a872f9b519a9c3754b installed
gcc-c++-4.8.5-28.el7_5.1.x86_64 1526421274 17253419 0b2acfff52d5b3a91aed8e378aebd96b installed
epel-release-7-11.noarch 1506966358 24834 049a2f5109a5050367cc4a8ae8f62c33 installed
which-2.20-7.el7.x86_64 1402367122 76962 5b0eff1739daa46a80e9908f39167c29 installed
keyutils-libs-devel-1.5.8-3.el7.x86_64 1402366675 29186 89e25181b24bb62f927ee72c767b9f31 installed
libcom_err-devel-1.42.9-12.el7_5.x86_64 1526446302 17196 01cd84ebce11a350b017b719f722ca9f installed
libsepol-devel-2.5-8.1.el7.x86_64 1523418582 126594 696fd87b6835645fb267cb9032a2fe65 installed
libselinux-devel-2.5-12.el7.x86_64 1524743753 194101 ca862b5f3a462c3caee98ad5f6ced045 installed
krb5-devel-1.15.1-19.el7.x86_64 1525873841 796292 4a6b3244734657faa9e0b91c3718397c installed
openssl-devel-1:1.0.2k-12.el7.x86_64 1523422767 3267672 bd461a95ce49c66eb30925be70bfad1a installed
byacc-1.9.20130304-3.el7.x86_64 1402343179 135161 da257ad856b5658321480e85cb7c60c2 installed
