2018-08-28 06:57:41,580 - Mock Version: 1.4.11
2018-08-28 06:57:42,304 - Start: yum update
2018-08-28 06:57:51,676 - Finish: yum update
2018-08-28 06:57:51,693 - Finish: chroot init
2018-08-28 06:57:51,702 - Start: buildsrpm
2018-08-28 06:57:51,822 - Start: rpmbuild -bs
2018-08-28 06:57:52,648 - Finish: rpmbuild -bs
2018-08-28 06:57:52,679 - Finish: buildsrpm
2018-08-28 06:57:52,681 - Start: clean chroot
2018-08-28 06:57:57,741 - Finish: clean chroot
2018-08-28 06:57:57,743 - Finish: run
2018-08-28 06:58:06,867 - Mock Version: 1.4.11
2018-08-28 06:58:07,492 - Start: yum update
2018-08-28 06:58:10,166 - Finish: yum update
2018-08-28 06:58:10,182 - Finish: chroot init
2018-08-28 06:58:10,185 - Start: build phase for monit-5.25.2-1.el7.src.rpm
2018-08-28 06:58:10,186 - Start: build setup for monit-5.25.2-1.el7.src.rpm
2018-08-28 06:58:18,858 - Finish: build setup for monit-5.25.2-1.el7.src.rpm
2018-08-28 06:58:18,860 - Start: rpmbuild monit-5.25.2-1.el7.src.rpm
2018-08-28 06:58:18,864 - Start: Outputting list of installed packages
2018-08-28 06:58:19,211 - Finish: Outputting list of installed packages
2018-08-28 06:59:15,149 - Finish: rpmbuild monit-5.25.2-1.el7.src.rpm
2018-08-28 06:59:15,156 - Finish: build phase for monit-5.25.2-1.el7.src.rpm
2018-08-28 06:59:15,157 - Start: clean chroot
2018-08-28 06:59:20,890 - Finish: clean chroot
2018-08-28 06:59:20,892 - Finish: run
